c:\users\n3r-\desktop\h\imgui standalone\x64\release\vc143.pdb
c:\users\n3r-\desktop\h\imgui standalone\x64\release\ui.obj
c:\users\n3r-\desktop\h\imgui standalone\x64\release\main.obj
c:\users\n3r-\desktop\h\imgui standalone\x64\release\imgui_widgets.obj
c:\users\n3r-\desktop\h\imgui standalone\x64\release\imgui_tables.obj
c:\users\n3r-\desktop\h\imgui standalone\x64\release\imgui_impl_win32.obj
c:\users\n3r-\desktop\h\imgui standalone\x64\release\imgui_impl_dx11.obj
c:\users\n3r-\desktop\h\imgui standalone\x64\release\imgui_draw.obj
c:\users\n3r-\desktop\h\imgui standalone\x64\release\imgui_demo.obj
c:\users\n3r-\desktop\h\imgui standalone\x64\release\imgui.obj
c:\users\n3r-\desktop\h\imgui standalone\x64\release\drawing.obj
c:\users\n3r-\desktop\h\imgui standalone\x64\release\masonbomber.obj
c:\users\n3r-\desktop\h\x64\release\bomber.exe
c:\users\n3r-\desktop\h\x64\release\bomber.pdb
c:\users\n3r-\desktop\h\imgui standalone\x64\release\bomber.res
c:\users\n3r-\desktop\h\imgui standalone\x64\release\bomber.ipdb
c:\users\n3r-\desktop\h\imgui standalone\x64\release\bomber.iobj
c:\users\n3r-\desktop\h\imgui standalone\x64\release\bomber.tlog\cl.command.1.tlog
c:\users\n3r-\desktop\h\imgui standalone\x64\release\bomber.tlog\cl.items.tlog
c:\users\n3r-\desktop\h\imgui standalone\x64\release\bomber.tlog\cl.read.1.tlog
c:\users\n3r-\desktop\h\imgui standalone\x64\release\bomber.tlog\cl.write.1.tlog
c:\users\n3r-\desktop\h\imgui standalone\x64\release\bomber.tlog\link.command.1.tlog
c:\users\n3r-\desktop\h\imgui standalone\x64\release\bomber.tlog\link.read.1.tlog
c:\users\n3r-\desktop\h\imgui standalone\x64\release\bomber.tlog\link.secondary.1.tlog
c:\users\n3r-\desktop\h\imgui standalone\x64\release\bomber.tlog\link.write.1.tlog
c:\users\n3r-\desktop\h\imgui standalone\x64\release\bomber.tlog\rc.command.1.tlog
c:\users\n3r-\desktop\h\imgui standalone\x64\release\bomber.tlog\rc.read.1.tlog
c:\users\n3r-\desktop\h\imgui standalone\x64\release\bomber.tlog\rc.write.1.tlog
